<?xml version="1.0" encoding="UTF-8"?>
<!-- Generated by org.testng.reporters.JUnitXMLReporter -->
<testsuite ignored="1" hostname="ritikajain" failures="0" tests="1" name="Default test" time="9.997" errors="0" timestamp="05 Jul 2021 15:13:43 GMT">
  <testcase classname="com.redbus.tests.RPoolFunctionalityTest" name="siteOnGooglePlay" time="3.149"/>
  <testcase classname="com.redbus.tests.RPoolFunctionalityTest" name="RPool" time="0.0">
    <ignored/>
  </testcase> <!-- RPool -->
</testsuite> <!-- Default test -->
