<?xml version="1.0" encoding="UTF-8"?>
<!-- Generated by org.testng.reporters.JUnitXMLReporter -->
<testsuite ignored="2" hostname="ritikajain" failures="0" tests="3" name="classes" time="18.102" errors="0" timestamp="05 Jul 2021 16:41:06 GMT">
  <testcase classname="com.redbus.tests.BusTicketTest" name="BusTickets" time="5.474"/>
  <testcase classname="com.redbus.tests.RPoolFunctionalityTest" name="RPool" time="1.746"/>
  <testcase classname="com.redbus.tests.RPoolFunctionalityTest" name="siteOnGooglePlay" time="1.621"/>
  <testcase classname="com.redbus.tests.BaseTest" name="@BeforeTest setExtent" time="0.0">
    <ignored/>
  </testcase> <!-- @BeforeTest setExtent -->
  <testcase classname="com.redbus.tests.BaseTest" name="@AfterSuite endReport" time="0.0">
    <ignored/>
  </testcase> <!-- @AfterSuite endReport -->
</testsuite> <!-- classes -->
