<?xml version="1.0" encoding="UTF-8"?>
<testng-results ignored="4" total="5" passed="1" failed="0" skipped="0">
  <reporter-output>
  </reporter-output>
  <suite started-at="2021-07-05T05:49:15Z" name="Default suite" finished-at="2021-07-05T05:49:55Z" duration-ms="39953">
    <groups>
    </groups>
    <test started-at="2021-07-05T05:49:15Z" name="Default test" finished-at="2021-07-05T05:49:55Z" duration-ms="39953">
      <class name="com.redbus.tests.LoginTest">
        <test-method is-config="true" signature="setExtent()[pri:0, instance:com.redbus.tests.LoginTest@24ba9639]" started-at="2021-07-05T05:49:15Z" name="setExtent" finished-at="2021-07-05T05:49:15Z" duration-ms="252" status="PASS">
          <reporter-output>
          </reporter-output>
        </test-method> <!-- setExtent -->
        <test-method is-config="true" signature="Initialize()[pri:0, instance:com.redbus.tests.LoginTest@24ba9639]" started-at="2021-07-05T05:49:15Z" name="Initialize" finished-at="2021-07-05T05:49:17Z" duration-ms="2515" status="PASS">
          <reporter-output>
          </reporter-output>
        </test-method> <!-- Initialize -->
        <test-method is-config="true" signature="openBrowser()[pri:0, instance:com.redbus.tests.LoginTest@24ba9639]" started-at="2021-07-05T05:49:17Z" name="openBrowser" finished-at="2021-07-05T05:49:20Z" duration-ms="2678" status="PASS">
          <reporter-output>
          </reporter-output>
        </test-method> <!-- openBrowser -->
        <test-method signature="ViewMyProfile()[pri:0, instance:com.redbus.tests.LoginTest@24ba9639]" started-at="2021-07-05T05:49:20Z" name="ViewMyProfile" finished-at="2021-07-05T05:49:54Z" duration-ms="33405" status="PASS">
          <reporter-output>
          </reporter-output>
        </test-method> <!-- ViewMyProfile -->
        <test-method is-config="true" signature="report(org.testng.ITestResult)[pri:0, instance:com.redbus.tests.LoginTest@24ba9639]" started-at="2021-07-05T05:49:54Z" name="report" finished-at="2021-07-05T05:49:54Z" duration-ms="13" status="PASS">
          <params>
            <param index="0">
              <value>
                <![CDATA[[TestResult name=ViewMyProfile status=SUCCESS method=LoginTest.ViewMyProfile()[pri:0, instance:com.redbus.tests.LoginTest@24ba9639] output={null}]]]>
              </value>
            </param>
          </params>
          <reporter-output>
          </reporter-output>
        </test-method> <!-- report -->
        <test-method is-config="true" signature="closeBrowser()[pri:0, instance:com.redbus.tests.LoginTest@24ba9639]" started-at="2021-07-05T05:49:54Z" name="closeBrowser" finished-at="2021-07-05T05:49:55Z" depends-on-methods="com.redbus.tests.BaseTest.report" duration-ms="1054" status="PASS">
          <reporter-output>
          </reporter-output>
        </test-method> <!-- closeBrowser -->
        <test-method is-config="true" signature="endReport()[pri:0, instance:com.redbus.tests.LoginTest@24ba9639]" started-at="2021-07-05T05:49:55Z" name="endReport" finished-at="2021-07-05T05:49:55Z" duration-ms="560" status="PASS">
          <reporter-output>
          </reporter-output>
        </test-method> <!-- endReport -->
      </class> <!-- com.redbus.tests.LoginTest -->
    </test> <!-- Default test -->
  </suite> <!-- Default suite -->
</testng-results>
